C51 COMPILER V9.54   KEY                                                                   01/03/2018 01:59:30 PAGE 1   


C51 COMPILER V9.54, COMPILATION OF MODULE KEY
OBJECT MODULE PLACED IN key.OBJ
COMPILER INVOKED BY: D:\Program Files\Keil_v5\C51\BIN\C51.EXE key.c OPTIMIZE(8,SPEED) BROWSE DEBUG OBJECTEXTEND TABS(2)

line level    source

   1          #include <reg51.h>
   2          #include "lcd12864.h"
   3          #include "ds1302.h"
   4          #include "key.h"
   5          
   6          void Int1Configuration();
   7          void LcdDisplay();
   8          uchar SetPlace;
   9          bit SetState=0;
  10          /*******************************************************************************
  11          * 函数名         : key
  12          * 函数功能       : 按键设置时间
  13          * 输入           : 无
  14          * 输出           : 无
  15          *******************************************************************************/
  16          
  17          void key()
  18          {
  19   1          unsigned char i;
  20   1        if(SetState==0)
  21   1        {
  22   2          Ds1302ReadTime();
  23   2        }
  24   1        else if(SetState==1)
  25   1          {
  26   2            if(K1==0)   //检测按键K1是否按下
  27   2            {
  28   3              Delay10ms(1); //消除抖动
  29   3              if(K1==0)
  30   3              {
  31   4                SetPlace++;
  32   4                if(SetPlace>=7)
  33   4                  SetPlace=0;         
  34   4              }
  35   3      
  36   3              while((i<50)&&(K1==0))   //检测按键是否松开
  37   3              {
  38   4                Delay10ms(1);
  39   4                i++;
  40   4              }
  41   3              i=0;
  42   3            }
  43   2            if(K2==0)   //检测按键K2是否按下
  44   2            {
  45   3              Delay10ms(1); //消除抖动
  46   3              if(K2==0)
  47   3              {
  48   4                TIME[SetPlace]++;
  49   4                if((TIME[SetPlace]&0x0f)>9)          //换成BCD码。
  50   4                {
  51   5                  TIME[SetPlace]=TIME[SetPlace]+6;
  52   5                }
  53   4                if((TIME[SetPlace]>=0x60)&&(SetPlace<2))    //分秒只能到59
  54   4                {
  55   5                  TIME[SetPlace]=0;
C51 COMPILER V9.54   KEY                                                                   01/03/2018 01:59:30 PAGE 2   

  56   5                }
  57   4                if((TIME[SetPlace]>=0x24)&&(SetPlace==2))   //小时只能到23
  58   4                {
  59   5                  TIME[SetPlace]=0;
  60   5                }
  61   4                if((TIME[SetPlace]>=0x32)&&(SetPlace==3))   //日只能到31
  62   4                {
  63   5                  TIME[SetPlace]=0; 
  64   5                }
  65   4                if((TIME[SetPlace]>=0x13)&&(SetPlace==4))   //月只能到12
  66   4                {
  67   5                  TIME[SetPlace]=0;
  68   5                } 
  69   4                if((TIME[SetPlace]>=0x7)&&(SetPlace==5))    //周只能到7
  70   4                {
  71   5                  TIME[SetPlace]=1;
  72   5                }   
  73   4      //          if(SetPlace==5)   //月只能到12
  74   4      //          {
  75   4      //            TIME[SetPlace]=;
  76   4      //          } 
  77   4              }
  78   3              while((i<50)&&(K2==0))   //检测按键是否松开
  79   3              {
  80   4                Delay10ms(1);
  81   4                i++;
  82   4              }
  83   3              i=0;
  84   3              Ds1302Init();
  85   3            }           
  86   2          }
  87   1      }
  88          
  89          /*******************************************************************************
  90          * 函数名         : Int1Configuration()
  91          * 函数功能       : 配置外部中断1
  92          * 输入           : 无
  93          * 输出           : 无
  94          *******************************************************************************/
  95          void Int1Init()
  96          {
  97   1        //设置INT1
  98   1        IT1=1;//跳变沿出发方式（下降沿）
  99   1        EX1=1;//打开INT1的中断允许。
 100   1        EA=1;//打开总中断 
 101   1      }
 102          
 103          /*******************************************************************************
 104          * 函数名         : Int1() 
 105          * 函数功能       : 外部中断1中断函数
 106          * 输入           : 无
 107          * 输出           : 无
 108          *******************************************************************************/
 109          void Int1() interrupt 2    
 110          {
 111   1        if(K3==0)
 112   1        {
 113   2          Delay10ms(1);
 114   2          if(K3==0)
 115   2          {
 116   3          SetState=~SetState;
 117   3          SetPlace=0;
C51 COMPILER V9.54   KEY                                                                   01/03/2018 01:59:30 PAGE 3   

 118   3          Ds1302ReadTime();
 119   3          }     
 120   2        }
 121   1      }


MODULE INFORMATION:   STATIC OVERLAYABLE
   CODE SIZE        =    303    ----
   CONSTANT SIZE    =   ----    ----
   XDATA SIZE       =   ----    ----
   PDATA SIZE       =   ----    ----
   DATA SIZE        =      1       1
   IDATA SIZE       =   ----    ----
   BIT SIZE         =      1    ----
END OF MODULE INFORMATION.


C51 COMPILATION COMPLETE.  0 WARNING(S),  0 ERROR(S)
