C51 COMPILER V9.54   SHENGBO                                                               01/03/2018 01:59:30 PAGE 1   


C51 COMPILER V9.54, COMPILATION OF MODULE SHENGBO
OBJECT MODULE PLACED IN shengbo.OBJ
COMPILER INVOKED BY: D:\Program Files\Keil_v5\C51\BIN\C51.EXE shengbo.c OPTIMIZE(8,SPEED) BROWSE DEBUG OBJECTEXTEND TABS
                    -(2)

line level    source

   1          #include "lcd12864.h"
   2          #include <reg51.h>
   3          #include <intrins.h>
   4          #include "shengbo.h"
   5          #include "irlcd.h"
   6          
   7          bit flag1;         //触发信号标志位//
   8          
   9          uchar count;           //中断累加变量
  10          long int distance;    //测量所得距离
  11          
  12          unsigned char code table[ ]={"0123456789"}; //定义字符数组显示数字
  13          
  14          
  15          /*------------------------------------------------
  16                            延时函数
  17          ------------------------------------------------*/
  18          void delayt(uint x)
  19          {
  20   1          uchar j;
  21   1          while(x-- > 0)
  22   1          {
  23   2                    for(j = 0;j < 125;j++)
  24   2              {
  25   3                ;
  26   3              }
  27   2          }
  28   1      }
  29          
  30          
  31          /*------------------------------------------------
  32          ……《ㄊ逼0初始化，用于计算响应信号时间
  33          ------------------------------------------------*/
  34          void init_t0()
  35          {
  36   1          TMOD|=0x01;         
  37   1          TL0=0x66;
  38   1          TH0=0xfc;              //1ms
  39   1          ET0=1; 
  40   1          EA=1;
  41   1      }
  42          
  43          /*------------------------------------------------
  44          ……    超声波模块触发信号
  45          ------------------------------------------------*/
  46          void trigger()
  47          {
  48   1          trig=0;
  49   1            _nop_(); 
  50   1            _nop_(); 
  51   1            _nop_(); 
  52   1            _nop_(); 
  53   1            _nop_(); 
  54   1            _nop_(); 
C51 COMPILER V9.54   SHENGBO                                                               01/03/2018 01:59:30 PAGE 2   

  55   1            _nop_(); 
  56   1            _nop_(); 
  57   1            _nop_(); 
  58   1            _nop_(); 
  59   1            _nop_(); 
  60   1            _nop_(); 
  61   1            _nop_(); 
  62   1            _nop_(); 
  63   1            _nop_(); 
  64   1            _nop_(); 
  65   1            _nop_();
  66   1            _nop_(); 
  67   1            _nop_(); 
  68   1            _nop_(); 
  69   1            _nop_();
  70   1              trig=1;       
  71   1      }
  72          
  73          /*------------------------------------------------
  74          ……   超声波模块相应端口初始化函数
  75          ------------------------------------------------*/
  76          void init_measuring()
  77          {
  78   1          trig=1;
  79   1          echo=1;
  80   1          count=0;
  81   1      }
  82          
  83          /*------------------------------------------------
  84          ……     超声波模块距离测试函数
  85          ------------------------------------------------*/
  86          void measuring()
  87          {
  88   1          uchar l;
  89   1          uint h,y;
  90   1          TR0 = 1;
  91   1          while(echo==1)
  92   1          {
  93   2              ;
  94   2          }        
  95   1          TR0 = 0;
  96   1          l = TL0;
  97   1          h = TH0;
  98   1          y = (h << 8) + l;
  99   1          y = y - 0xfc66;//us部分
 100   1          distance = y + 1000 * count;//计算总时间,单位是微秒
 101   1          TL0 = 0x66;
 102   1          TH0 = 0xfc;
 103   1          delayt(30);
 104   1          //distance = 3400* distance / 20000;//原始为：（0.34毫米/us）*时间/2//  
 105   1          distance = 500* distance / 20000;
 106   1      }
 107          
 108          /*------------------------------------------------
 109          ……   超声波模块测量结果显示函数
 110          ------------------------------------------------*/
 111          void display(uint x)
 112          {
 113   1          uchar qian,bai,shi,ge;
 114   1          qian=x/1000;
 115   1          bai=(x/100)%10;
 116   1          shi=(x/10)%10;
C51 COMPILER V9.54   SHENGBO                                                               01/03/2018 01:59:30 PAGE 3   

 117   1          ge=x%10;
 118   1          LCD12864_ShowString(1,0,"液面：");
 119   1          //LCD12864_SetWindow(1,3);//单位是厘米//
 120   1          LCD12864_WriteData(table[qian]);
 121   1          LCD12864_WriteData(table[bai]);
 122   1          LCD12864_WriteData(table[shi]);
 123   1          LCD12864_WriteData('.');
 124   1      //  LCD12864_WriteData(0x80+0x4d);
 125   1          LCD12864_WriteData(table[ge]);
 126   1          LCD12864_WriteData('c');
 127   1          LCD12864_WriteData('m');
 128   1      }
 129          
 130          //……………………………………………中断服务函数…………………………………………………//
 131          
 132          /*------------------------------------------------
 133          ……              液位输出
 134          ------------------------------------------------*/
 135          void Water_Level()            
 136          {   
 137   1          trigger();      //触发超声波启动
 138   1          while(echo==0)          //等待回声
 139   1          {
 140   2              ;
 141   2          }
 142   1          measuring();           //进行距离测量
 143   1          display(distance);    //对测量结果进行显示
 144   1          init_measuring();    //超声波相应端口初始化
 145   1      
 146   1          if(distance>500)
 147   1          {
 148   2            RELAY = 0;
 149   2            flag = 0;
 150   2          }
 151   1          else
 152   1          {
 153   2            RELAY = 1;
 154   2            flag = 1;
 155   2          }
 156   1          Delay10ms(200) ;       //每次测量间隔2s
 157   1      } 


MODULE INFORMATION:   STATIC OVERLAYABLE
   CODE SIZE        =    374    ----
   CONSTANT SIZE    =     18    ----
   XDATA SIZE       =   ----    ----
   PDATA SIZE       =   ----    ----
   DATA SIZE        =      5       4
   IDATA SIZE       =   ----    ----
   BIT SIZE         =      1    ----
END OF MODULE INFORMATION.


C51 COMPILATION COMPLETE.  0 WARNING(S),  0 ERROR(S)
